# JRE version: OpenJDK Runtime Environment (17.0.9) (build 17.0.9+0--11185874)
# Java VM: OpenJDK 64-Bit Server VM (17.0.9+0--11185874, mixed mode, tiered, compressed oops, compressed class ptrs, g1 gc, windows-amd64)
GC Precious Log:
 CPUs: 4 total, 4 available
 Memory: 3998M
 Large Page Support: Disabled
 NUMA Support: Disabled
 Compressed Oops: Enabled (32-bit)
 Heap Region Size: 1M
 Heap Min Capacity: 8M
 Heap Initial Capacity: 64M
 Heap Max Capacity: 2G
 Pre-touch: Disabled
 Parallel Workers: 4
 Concurrent Workers: 1
 Concurrent Refinement Workers: 4
 Periodic GC: Disabled
Heap:
 garbage-first heap   total 321536K, used 183550K [0x0000000080000000, 0x0000000100000000)
  region size 1024K, 1 young (1024K), 1 survivors (1024K)
 Metaspace       used 159122K, committed 161152K, reserved 1245184K
  class space    used 21184K, committed 22208K, reserved 1048576K
GC Heap History (20 events):
Event: 11078.506 GC heap after
{Heap after GC invocations=109 (full 2):
 garbage-first heap   total 321536K, used 138969K [0x0000000080000000, 0x0000000100000000)
  region size 1024K, 2 young (2048K), 2 survivors (2048K)
 Metaspace       used 158311K, committed 160384K, reserved 1245184K
  class space    used 21124K, committed 22144K, reserved 1048576K
}
Event: 12629.875 GC heap before
{Heap before GC invocations=109 (full 2):
 garbage-first heap   total 321536K, used 236249K [0x0000000080000000, 0x0000000100000000)
  region size 1024K, 73 young (74752K), 2 survivors (2048K)
 Metaspace       used 158407K, committed 160448K, reserved 1245184K
  class space    used 21130K, committed 22144K, reserved 1048576K
}
Event: 12630.026 GC heap after
{Heap after GC invocations=110 (full 2):
 garbage-first heap   total 321536K, used 138892K [0x0000000080000000, 0x0000000100000000)
  region size 1024K, 2 young (2048K), 2 survivors (2048K)
 Metaspace       used 158407K, committed 160448K, reserved 1245184K
  class space    used 21130K, committed 22144K, reserved 1048576K
}
Event: 12637.193 GC heap before
{Heap before GC invocations=110 (full 2):
 garbage-first heap   total 321536K, used 210572K [0x0000000080000000, 0x0000000100000000)
  region size 1024K, 72 young (73728K), 2 survivors (2048K)
 Metaspace       used 158452K, committed 160512K, reserved 1245184K
  class space    used 21130K, committed 22144K, reserved 1048576K
}
Event: 12637.269 GC heap after
{Heap after GC invocations=111 (full 2):
 garbage-first heap   total 321536K, used 147276K [0x0000000080000000, 0x0000000100000000)
  region size 1024K, 9 young (9216K), 9 survivors (9216K)
 Metaspace       used 158452K, committed 160512K, reserved 1245184K
  class space    used 21130K, committed 22144K, reserved 1048576K
}
Event: 12637.867 GC heap before
{Heap before GC invocations=111 (full 2):
 garbage-first heap   total 321536K, used 156492K [0x0000000080000000, 0x0000000100000000)
  region size 1024K, 19 young (19456K), 9 survivors (9216K)
 Metaspace       used 158458K, committed 160576K, reserved 1245184K
  class space    used 21130K, committed 22144K, reserved 1048576K
}
Event: 12637.949 GC heap after
{Heap after GC invocations=112 (full 2):
 garbage-first heap   total 321536K, used 149331K [0x0000000080000000, 0x0000000100000000)
  region size 1024K, 2 young (2048K), 2 survivors (2048K)
 Metaspace       used 158458K, committed 160576K, reserved 1245184K
  class space    used 21130K, committed 22144K, reserved 1048576K
}
Event: 12716.484 GC heap before
{Heap before GC invocations=112 (full 2):
 garbage-first heap   total 321536K, used 222035K [0x0000000080000000, 0x0000000100000000)
  region size 1024K, 74 young (75776K), 2 survivors (2048K)
 Metaspace       used 158665K, committed 160768K, reserved 1245184K
  class space    used 21151K, committed 22208K, reserved 1048576K
}
Event: 12716.680 GC heap after
{Heap after GC invocations=113 (full 2):
 garbage-first heap   total 321536K, used 153427K [0x0000000080000000, 0x0000000100000000)
  region size 1024K, 6 young (6144K), 6 survivors (6144K)
 Metaspace       used 158665K, committed 160768K, reserved 1245184K
  class space    used 21151K, committed 22208K, reserved 1048576K
}
Event: 12721.122 GC heap before
{Heap before GC invocations=113 (full 2):
 garbage-first heap   total 321536K, used 196435K [0x0000000080000000, 0x0000000100000000)
  region size 1024K, 49 young (50176K), 6 survivors (6144K)
 Metaspace       used 158732K, committed 160832K, reserved 1245184K
  class space    used 21153K, committed 22208K, reserved 1048576K
}
Event: 12721.184 GC heap after
{Heap after GC invocations=114 (full 2):
 garbage-first heap   total 321536K, used 159305K [0x0000000080000000, 0x0000000100000000)
  region size 1024K, 6 young (6144K), 6 survivors (6144K)
 Metaspace       used 158732K, committed 160832K, reserved 1245184K
  class space    used 21153K, committed 22208K, reserved 1048576K
}
Event: 12740.277 GC heap before
{Heap before GC invocations=114 (full 2):
 garbage-first heap   total 321536K, used 218697K [0x0000000080000000, 0x0000000100000000)
  region size 1024K, 65 young (66560K), 6 survivors (6144K)
 Metaspace       used 158862K, committed 160960K, reserved 1245184K
  class space    used 21166K, committed 22208K, reserved 1048576K
}
Event: 12740.384 GC heap after
{Heap after GC invocations=115 (full 2):
 garbage-first heap   total 321536K, used 163530K [0x0000000080000000, 0x0000000100000000)
  region size 1024K, 5 young (5120K), 5 survivors (5120K)
 Metaspace       used 158862K, committed 160960K, reserved 1245184K
  class space    used 21166K, committed 22208K, reserved 1048576K
}
Event: 12754.186 GC heap before
{Heap before GC invocations=115 (full 2):
 garbage-first heap   total 321536K, used 262858K [0x0000000080000000, 0x0000000100000000)
  region size 1024K, 103 young (105472K), 5 survivors (5120K)
 Metaspace       used 159050K, committed 161088K, reserved 1245184K
  class space    used 21183K, committed 22208K, reserved 1048576K
}
Event: 12754.380 GC heap after
{Heap after GC invocations=116 (full 2):
 garbage-first heap   total 321536K, used 173038K [0x0000000080000000, 0x0000000100000000)
  region size 1024K, 13 young (13312K), 13 survivors (13312K)
 Metaspace       used 159050K, committed 161088K, reserved 1245184K
  class space    used 21183K, committed 22208K, reserved 1048576K
}
Event: 12754.655 GC heap before
{Heap before GC invocations=116 (full 2):
 garbage-first heap   total 321536K, used 195566K [0x0000000080000000, 0x0000000100000000)
  region size 1024K, 36 young (36864K), 13 survivors (13312K)
 Metaspace       used 159074K, committed 161152K, reserved 1245184K
  class space    used 21183K, committed 22208K, reserved 1048576K
}
Event: 12754.762 GC heap after
{Heap after GC invocations=117 (full 2):
 garbage-first heap   total 321536K, used 174709K [0x0000000080000000, 0x0000000100000000)
  region size 1024K, 2 young (2048K), 2 survivors (2048K)
 Metaspace       used 159074K, committed 161152K, reserved 1245184K
  class space    used 21183K, committed 22208K, reserved 1048576K
}
Event: 12755.751 GC heap before
{Heap before GC invocations=117 (full 2):
 garbage-first heap   total 321536K, used 232053K [0x0000000080000000, 0x0000000100000000)
  region size 1024K, 50 young (51200K), 2 survivors (2048K)
 Metaspace       used 159122K, committed 161152K, reserved 1245184K
  class space    used 21184K, committed 22208K, reserved 1048576K
}
Event: 12755.800 GC heap after
{Heap after GC invocations=118 (full 2):
 garbage-first heap   total 321536K, used 183828K [0x0000000080000000, 0x0000000100000000)
  region size 1024K, 1 young (1024K), 1 survivors (1024K)
 Metaspace       used 159122K, committed 161152K, reserved 1245184K
  class space    used 21184K, committed 22208K, reserved 1048576K
}
Event: 12755.845 GC heap before
{Heap before GC invocations=118 (full 2):
 garbage-first heap   total 321536K, used 189972K [0x0000000080000000, 0x0000000100000000)
  region size 1024K, 2 young (2048K), 1 survivors (1024K)
 Metaspace       used 159122K, committed 161152K, reserved 1245184K
  class space    used 21184K, committed 22208K, reserved 1048576K
}

