# JRE version: OpenJDK Runtime Environment (17.0.9) (build 17.0.9+0--11185874)
# Java VM: OpenJDK 64-Bit Server VM (17.0.9+0--11185874, mixed mode, tiered, compressed oops, compressed class ptrs, g1 gc, windows-amd64)
GC Precious Log:
 CPUs: 4 total, 4 available
 Memory: 3998M
 Large Page Support: Disabled
 NUMA Support: Disabled
 Compressed Oops: Enabled (32-bit)
 Heap Region Size: 1M
 Heap Min Capacity: 8M
 Heap Initial Capacity: 64M
 Heap Max Capacity: 1000M
 Pre-touch: Disabled
 Parallel Workers: 4
 Concurrent Workers: 1
 Concurrent Refinement Workers: 4
 Periodic GC: Disabled
Heap:
 garbage-first heap   total 115712K, used 68004K [0x00000000c1800000, 0x0000000100000000)
  region size 1024K, 40 young (40960K), 3 survivors (3072K)
 Metaspace       used 51623K, committed 51904K, reserved 1114112K
  class space    used 6227K, committed 6336K, reserved 1048576K
GC Heap History (20 events):
Event: 2.786 GC heap before
{Heap before GC invocations=2 (full 0):
 garbage-first heap   total 65536K, used 32441K [0x00000000c1800000, 0x0000000100000000)
  region size 1024K, 27 young (27648K), 2 survivors (2048K)
 Metaspace       used 21371K, committed 21504K, reserved 1114112K
  class space    used 2332K, committed 2432K, reserved 1048576K
}
Event: 2.795 GC heap after
{Heap after GC invocations=3 (full 0):
 garbage-first heap   total 65536K, used 10432K [0x00000000c1800000, 0x0000000100000000)
  region size 1024K, 5 young (5120K), 5 survivors (5120K)
 Metaspace       used 21371K, committed 21504K, reserved 1114112K
  class space    used 2332K, committed 2432K, reserved 1048576K
}
Event: 3.827 GC heap before
{Heap before GC invocations=4 (full 0):
 garbage-first heap   total 45056K, used 31936K [0x00000000c1800000, 0x0000000100000000)
  region size 1024K, 26 young (26624K), 5 survivors (5120K)
 Metaspace       used 28394K, committed 28608K, reserved 1114112K
  class space    used 3498K, committed 3584K, reserved 1048576K
}
Event: 3.836 GC heap after
{Heap after GC invocations=5 (full 0):
 garbage-first heap   total 45056K, used 11549K [0x00000000c1800000, 0x0000000100000000)
  region size 1024K, 2 young (2048K), 2 survivors (2048K)
 Metaspace       used 28394K, committed 28608K, reserved 1114112K
  class space    used 3498K, committed 3584K, reserved 1048576K
}
Event: 3.874 GC heap before
{Heap before GC invocations=5 (full 0):
 garbage-first heap   total 45056K, used 11549K [0x00000000c1800000, 0x0000000100000000)
  region size 1024K, 3 young (3072K), 2 survivors (2048K)
 Metaspace       used 28697K, committed 28864K, reserved 1114112K
  class space    used 3580K, committed 3648K, reserved 1048576K
}
Event: 3.877 GC heap after
{Heap after GC invocations=6 (full 0):
 garbage-first heap   total 45056K, used 11885K [0x00000000c1800000, 0x0000000100000000)
  region size 1024K, 1 young (1024K), 1 survivors (1024K)
 Metaspace       used 28697K, committed 28864K, reserved 1114112K
  class space    used 3580K, committed 3648K, reserved 1048576K
}
Event: 4.092 GC heap before
{Heap before GC invocations=6 (full 0):
 garbage-first heap   total 45056K, used 33389K [0x00000000c1800000, 0x0000000100000000)
  region size 1024K, 20 young (20480K), 1 survivors (1024K)
 Metaspace       used 29374K, committed 29632K, reserved 1114112K
  class space    used 3622K, committed 3712K, reserved 1048576K
}
Event: 4.102 GC heap after
{Heap after GC invocations=7 (full 0):
 garbage-first heap   total 45056K, used 19337K [0x00000000c1800000, 0x0000000100000000)
  region size 1024K, 3 young (3072K), 3 survivors (3072K)
 Metaspace       used 29374K, committed 29632K, reserved 1114112K
  class space    used 3622K, committed 3712K, reserved 1048576K
}
Event: 4.451 GC heap before
{Heap before GC invocations=7 (full 0):
 garbage-first heap   total 45056K, used 32649K [0x00000000c1800000, 0x0000000100000000)
  region size 1024K, 16 young (16384K), 3 survivors (3072K)
 Metaspace       used 33182K, committed 33408K, reserved 1114112K
  class space    used 4248K, committed 4352K, reserved 1048576K
}
Event: 4.462 GC heap after
{Heap after GC invocations=8 (full 0):
 garbage-first heap   total 61440K, used 20872K [0x00000000c1800000, 0x0000000100000000)
  region size 1024K, 2 young (2048K), 2 survivors (2048K)
 Metaspace       used 33182K, committed 33408K, reserved 1114112K
  class space    used 4248K, committed 4352K, reserved 1048576K
}
Event: 4.757 GC heap before
{Heap before GC invocations=8 (full 0):
 garbage-first heap   total 61440K, used 35208K [0x00000000c1800000, 0x0000000100000000)
  region size 1024K, 18 young (18432K), 2 survivors (2048K)
 Metaspace       used 35764K, committed 35968K, reserved 1114112K
  class space    used 4534K, committed 4672K, reserved 1048576K
}
Event: 4.764 GC heap after
{Heap after GC invocations=9 (full 0):
 garbage-first heap   total 61440K, used 20746K [0x00000000c1800000, 0x0000000100000000)
  region size 1024K, 3 young (3072K), 3 survivors (3072K)
 Metaspace       used 35764K, committed 35968K, reserved 1114112K
  class space    used 4534K, committed 4672K, reserved 1048576K
}
Event: 5.230 GC heap before
{Heap before GC invocations=10 (full 0):
 garbage-first heap   total 61440K, used 42250K [0x00000000c1800000, 0x0000000100000000)
  region size 1024K, 25 young (25600K), 3 survivors (3072K)
 Metaspace       used 40304K, committed 40576K, reserved 1114112K
  class space    used 4946K, committed 5056K, reserved 1048576K
}
Event: 5.239 GC heap after
{Heap after GC invocations=11 (full 0):
 garbage-first heap   total 61440K, used 23334K [0x00000000c1800000, 0x0000000100000000)
  region size 1024K, 4 young (4096K), 4 survivors (4096K)
 Metaspace       used 40304K, committed 40576K, reserved 1114112K
  class space    used 4946K, committed 5056K, reserved 1048576K
}
Event: 5.257 GC heap before
{Heap before GC invocations=11 (full 0):
 garbage-first heap   total 61440K, used 23334K [0x00000000c1800000, 0x0000000100000000)
  region size 1024K, 5 young (5120K), 4 survivors (4096K)
 Metaspace       used 40557K, committed 40768K, reserved 1114112K
  class space    used 4976K, committed 5056K, reserved 1048576K
}
Event: 5.263 GC heap after
{Heap after GC invocations=12 (full 0):
 garbage-first heap   total 61440K, used 23256K [0x00000000c1800000, 0x0000000100000000)
  region size 1024K, 1 young (1024K), 1 survivors (1024K)
 Metaspace       used 40557K, committed 40768K, reserved 1114112K
  class space    used 4976K, committed 5056K, reserved 1048576K
}
Event: 5.823 GC heap before
{Heap before GC invocations=12 (full 0):
 garbage-first heap   total 61440K, used 44760K [0x00000000c1800000, 0x0000000100000000)
  region size 1024K, 22 young (22528K), 1 survivors (1024K)
 Metaspace       used 45297K, committed 45568K, reserved 1114112K
  class space    used 5513K, committed 5632K, reserved 1048576K
}
Event: 5.829 GC heap after
{Heap after GC invocations=13 (full 0):
 garbage-first heap   total 61440K, used 24426K [0x00000000c1800000, 0x0000000100000000)
  region size 1024K, 2 young (2048K), 2 survivors (2048K)
 Metaspace       used 45297K, committed 45568K, reserved 1114112K
  class space    used 5513K, committed 5632K, reserved 1048576K
}
Event: 6.339 GC heap before
{Heap before GC invocations=13 (full 0):
 garbage-first heap   total 61440K, used 46954K [0x00000000c1800000, 0x0000000100000000)
  region size 1024K, 23 young (23552K), 2 survivors (2048K)
 Metaspace       used 48932K, committed 49152K, reserved 1114112K
  class space    used 5961K, committed 6080K, reserved 1048576K
}
Event: 6.350 GC heap after
{Heap after GC invocations=14 (full 0):
 garbage-first heap   total 115712K, used 30116K [0x00000000c1800000, 0x0000000100000000)
  region size 1024K, 3 young (3072K), 3 survivors (3072K)
 Metaspace       used 48932K, committed 49152K, reserved 1114112K
  class space    used 5961K, committed 6080K, reserved 1048576K
}

