# JRE version: OpenJDK Runtime Environment (17.0.9) (build 17.0.9+0--11185874)
# Java VM: OpenJDK 64-Bit Server VM (17.0.9+0--11185874, mixed mode, tiered, compressed oops, compressed class ptrs, g1 gc, windows-amd64)
GC Precious Log:
 CPUs: 4 total, 4 available
 Memory: 3998M
 Large Page Support: Disabled
 NUMA Support: Disabled
 Compressed Oops: Enabled (32-bit)
 Heap Region Size: 1M
 Heap Min Capacity: 8M
 Heap Initial Capacity: 64M
 Heap Max Capacity: 1000M
 Pre-touch: Disabled
 Parallel Workers: 4
 Concurrent Workers: 1
 Concurrent Refinement Workers: 4
 Periodic GC: Disabled
Heap:
 garbage-first heap   total 67584K, used 40829K [0x00000000c1800000, 0x0000000100000000)
  region size 1024K, 1 young (1024K), 1 survivors (1024K)
 Metaspace       used 53643K, committed 53888K, reserved 1114112K
  class space    used 6352K, committed 6464K, reserved 1048576K
GC Heap History (20 events):
Event: 4.140 GC heap after
{Heap after GC invocations=13 (full 0):
 garbage-first heap   total 54272K, used 23960K [0x00000000c1800000, 0x0000000100000000)
  region size 1024K, 2 young (2048K), 2 survivors (2048K)
 Metaspace       used 44203K, committed 44416K, reserved 1114112K
  class space    used 5400K, committed 5504K, reserved 1048576K
}
Event: 4.624 GC heap before
{Heap before GC invocations=13 (full 0):
 garbage-first heap   total 54272K, used 43416K [0x00000000c1800000, 0x0000000100000000)
  region size 1024K, 19 young (19456K), 2 survivors (2048K)
 Metaspace       used 47603K, committed 47744K, reserved 1114112K
  class space    used 5818K, committed 5888K, reserved 1048576K
}
Event: 4.632 GC heap after
{Heap after GC invocations=14 (full 0):
 garbage-first heap   total 54272K, used 28351K [0x00000000c1800000, 0x0000000100000000)
  region size 1024K, 3 young (3072K), 3 survivors (3072K)
 Metaspace       used 47603K, committed 47744K, reserved 1114112K
  class space    used 5818K, committed 5888K, reserved 1048576K
}
Event: 4.935 GC heap before
{Heap before GC invocations=14 (full 0):
 garbage-first heap   total 54272K, used 41663K [0x00000000c1800000, 0x0000000100000000)
  region size 1024K, 16 young (16384K), 3 survivors (3072K)
 Metaspace       used 49603K, committed 49856K, reserved 1114112K
  class space    used 6037K, committed 6144K, reserved 1048576K
}
Event: 4.944 GC heap after
{Heap after GC invocations=15 (full 0):
 garbage-first heap   total 54272K, used 30681K [0x00000000c1800000, 0x0000000100000000)
  region size 1024K, 2 young (2048K), 2 survivors (2048K)
 Metaspace       used 49603K, committed 49856K, reserved 1114112K
  class space    used 6037K, committed 6144K, reserved 1048576K
}
Event: 5.187 GC heap before
{Heap before GC invocations=16 (full 0):
 garbage-first heap   total 55296K, used 42969K [0x00000000c1800000, 0x0000000100000000)
  region size 1024K, 13 young (13312K), 2 survivors (2048K)
 Metaspace       used 51034K, committed 51264K, reserved 1114112K
  class space    used 6188K, committed 6272K, reserved 1048576K
}
Event: 5.197 GC heap after
{Heap after GC invocations=17 (full 0):
 garbage-first heap   total 55296K, used 32375K [0x00000000c1800000, 0x0000000100000000)
  region size 1024K, 2 young (2048K), 2 survivors (2048K)
 Metaspace       used 51034K, committed 51264K, reserved 1114112K
  class space    used 6188K, committed 6272K, reserved 1048576K
}
Event: 5.206 GC heap before
{Heap before GC invocations=17 (full 0):
 garbage-first heap   total 55296K, used 33399K [0x00000000c1800000, 0x0000000100000000)
  region size 1024K, 3 young (3072K), 2 survivors (2048K)
 Metaspace       used 51052K, committed 51264K, reserved 1114112K
  class space    used 6188K, committed 6272K, reserved 1048576K
}
Event: 5.212 GC heap after
{Heap after GC invocations=18 (full 0):
 garbage-first heap   total 67584K, used 32259K [0x00000000c1800000, 0x0000000100000000)
  region size 1024K, 1 young (1024K), 1 survivors (1024K)
 Metaspace       used 51052K, committed 51264K, reserved 1114112K
  class space    used 6188K, committed 6272K, reserved 1048576K
}
Event: 5.333 GC heap before
{Heap before GC invocations=18 (full 0):
 garbage-first heap   total 67584K, used 51715K [0x00000000c1800000, 0x0000000100000000)
  region size 1024K, 20 young (20480K), 1 survivors (1024K)
 Metaspace       used 51269K, committed 51456K, reserved 1114112K
  class space    used 6205K, committed 6272K, reserved 1048576K
}
Event: 5.335 GC heap after
{Heap after GC invocations=19 (full 0):
 garbage-first heap   total 67584K, used 32553K [0x00000000c1800000, 0x0000000100000000)
  region size 1024K, 1 young (1024K), 1 survivors (1024K)
 Metaspace       used 51269K, committed 51456K, reserved 1114112K
  class space    used 6205K, committed 6272K, reserved 1048576K
}
Event: 5.542 GC heap before
{Heap before GC invocations=20 (full 0):
 garbage-first heap   total 67584K, used 53033K [0x00000000c1800000, 0x0000000100000000)
  region size 1024K, 21 young (21504K), 1 survivors (1024K)
 Metaspace       used 51667K, committed 51904K, reserved 1114112K
  class space    used 6233K, committed 6336K, reserved 1048576K
}
Event: 5.548 GC heap after
{Heap after GC invocations=21 (full 0):
 garbage-first heap   total 67584K, used 35039K [0x00000000c1800000, 0x0000000100000000)
  region size 1024K, 3 young (3072K), 3 survivors (3072K)
 Metaspace       used 51667K, committed 51904K, reserved 1114112K
  class space    used 6233K, committed 6336K, reserved 1048576K
}
Event: 5.559 GC heap before
{Heap before GC invocations=21 (full 0):
 garbage-first heap   total 67584K, used 36063K [0x00000000c1800000, 0x0000000100000000)
  region size 1024K, 4 young (4096K), 3 survivors (3072K)
 Metaspace       used 51677K, committed 51904K, reserved 1114112K
  class space    used 6233K, committed 6336K, reserved 1048576K
}
Event: 5.568 GC heap after
{Heap after GC invocations=22 (full 0):
 garbage-first heap   total 67584K, used 35004K [0x00000000c1800000, 0x0000000100000000)
  region size 1024K, 1 young (1024K), 1 survivors (1024K)
 Metaspace       used 51677K, committed 51904K, reserved 1114112K
  class space    used 6233K, committed 6336K, reserved 1048576K
}
Event: 6.045 GC heap before
{Heap before GC invocations=22 (full 0):
 garbage-first heap   total 67584K, used 52412K [0x00000000c1800000, 0x0000000100000000)
  region size 1024K, 18 young (18432K), 1 survivors (1024K)
 Metaspace       used 53026K, committed 53312K, reserved 1114112K
  class space    used 6340K, committed 6464K, reserved 1048576K
}
Event: 6.053 GC heap after
{Heap after GC invocations=23 (full 0):
 garbage-first heap   total 67584K, used 37372K [0x00000000c1800000, 0x0000000100000000)
  region size 1024K, 3 young (3072K), 3 survivors (3072K)
 Metaspace       used 53026K, committed 53312K, reserved 1114112K
  class space    used 6340K, committed 6464K, reserved 1048576K
}
Event: 6.629 GC heap before
{Heap before GC invocations=24 (full 0):
 garbage-first heap   total 67584K, used 53756K [0x00000000c1800000, 0x0000000100000000)
  region size 1024K, 19 young (19456K), 3 survivors (3072K)
 Metaspace       used 53637K, committed 53888K, reserved 1114112K
  class space    used 6352K, committed 6464K, reserved 1048576K
}
Event: 6.642 GC heap after
{Heap after GC invocations=25 (full 0):
 garbage-first heap   total 67584K, used 40454K [0x00000000c1800000, 0x0000000100000000)
  region size 1024K, 3 young (3072K), 3 survivors (3072K)
 Metaspace       used 53637K, committed 53888K, reserved 1114112K
  class space    used 6352K, committed 6464K, reserved 1048576K
}
Event: 6.658 GC heap before
{Heap before GC invocations=25 (full 0):
 garbage-first heap   total 67584K, used 41478K [0x00000000c1800000, 0x0000000100000000)
  region size 1024K, 4 young (4096K), 3 survivors (3072K)
 Metaspace       used 53643K, committed 53888K, reserved 1114112K
  class space    used 6352K, committed 6464K, reserved 1048576K
}

